C:\USERS\TAUHL_000\DOCUMENTS\VISUAL STUDIO 2012\PROJECTS\PROJECT2\PROJECT2\DEBUG\ARGUMENTPARSING.OBJ
C:\USERS\TAUHL_000\DOCUMENTS\VISUAL STUDIO 2012\PROJECTS\PROJECT2\PROJECT2\DEBUG\FILEPARSING.OBJ
C:\USERS\TAUHL_000\DOCUMENTS\VISUAL STUDIO 2012\PROJECTS\PROJECT2\PROJECT2\DEBUG\GRID.OBJ
C:\USERS\TAUHL_000\DOCUMENTS\VISUAL STUDIO 2012\PROJECTS\PROJECT2\PROJECT2\DEBUG\LIFE.OBJ
C:\USERS\TAUHL_000\DOCUMENTS\VISUAL STUDIO 2012\PROJECTS\PROJECT2\PROJECT2\DEBUG\LIFEDRAWINGWIDGET.OBJ
C:\USERS\TAUHL_000\DOCUMENTS\VISUAL STUDIO 2012\PROJECTS\PROJECT2\PROJECT2\DEBUG\LIFE_GUI.OBJ
C:\USERS\TAUHL_000\DOCUMENTS\VISUAL STUDIO 2012\PROJECTS\PROJECT2\PROJECT2\DEBUG\LIFEVIEW.OBJ
C:\USERS\TAUHL_000\DOCUMENTS\VISUAL STUDIO 2012\PROJECTS\PROJECT2\PROJECT2\DEBUG\SIMCONTROLLER.OBJ
C:\USERS\TAUHL_000\DOCUMENTS\VISUAL STUDIO 2012\PROJECTS\PROJECT2\PROJECT2\DEBUG\SIMOPTIONS.OBJ
C:\USERS\TAUHL_000\DOCUMENTS\VISUAL STUDIO 2012\PROJECTS\PROJECT2\PROJECT2\DEBUG\VC110.PDB
C:\USERS\TAUHL_000\DOCUMENTS\VISUAL STUDIO 2012\PROJECTS\PROJECT2\DEBUG\PROJECT2.ILK
C:\USERS\TAUHL_000\DOCUMENTS\VISUAL STUDIO 2012\PROJECTS\PROJECT2\DEBUG\PROJECT2.EXE
C:\USERS\TAUHL_000\DOCUMENTS\VISUAL STUDIO 2012\PROJECTS\PROJECT2\DEBUG\PROJECT2.PDB
C:\Users\tauhl_000\documents\visual studio 2012\Projects\Project2\Project2\Debug\ArgumentParsing.obj
C:\Users\tauhl_000\documents\visual studio 2012\Projects\Project2\Project2\Debug\FileParsing.obj
C:\Users\tauhl_000\documents\visual studio 2012\Projects\Project2\Project2\Debug\Grid.obj
C:\Users\tauhl_000\documents\visual studio 2012\Projects\Project2\Project2\Debug\life.obj
C:\Users\tauhl_000\documents\visual studio 2012\Projects\Project2\Project2\Debug\LifeDrawingWidget.obj
C:\Users\tauhl_000\documents\visual studio 2012\Projects\Project2\Project2\Debug\LifeView.obj
C:\Users\tauhl_000\documents\visual studio 2012\Projects\Project2\Project2\Debug\life_gui.obj
C:\Users\tauhl_000\documents\visual studio 2012\Projects\Project2\Project2\Debug\SimController.obj
C:\Users\tauhl_000\documents\visual studio 2012\Projects\Project2\Project2\Debug\SimOptions.obj
C:\Users\tauhl_000\documents\visual studio 2012\Projects\Project2\Project2\Debug\cl.command.1.tlog
C:\Users\tauhl_000\documents\visual studio 2012\Projects\Project2\Project2\Debug\CL.read.1.tlog
C:\Users\tauhl_000\documents\visual studio 2012\Projects\Project2\Project2\Debug\CL.write.1.tlog
C:\Users\tauhl_000\documents\visual studio 2012\Projects\Project2\Project2\Debug\link-cvtres.read.1.tlog
C:\Users\tauhl_000\documents\visual studio 2012\Projects\Project2\Project2\Debug\link-cvtres.write.1.tlog
C:\Users\tauhl_000\documents\visual studio 2012\Projects\Project2\Project2\Debug\link-rc.read.1.tlog
C:\Users\tauhl_000\documents\visual studio 2012\Projects\Project2\Project2\Debug\link-rc.write.1.tlog
C:\Users\tauhl_000\documents\visual studio 2012\Projects\Project2\Project2\Debug\link.command.1.tlog
C:\Users\tauhl_000\documents\visual studio 2012\Projects\Project2\Project2\Debug\link.read.1.tlog
C:\Users\tauhl_000\documents\visual studio 2012\Projects\Project2\Project2\Debug\link.write.1.tlog
C:\Users\tauhl_000\documents\visual studio 2012\Projects\Project2\Project2\Debug\vc110.idb
C:\Users\tauhl_000\documents\visual studio 2012\Projects\Project2\Project2\Debug\vc110.pdb
C:\Users\tauhl_000\documents\visual studio 2012\Projects\Project2\Debug\Project2.pdb
C:\Users\tauhl_000\documents\visual studio 2012\Projects\Project2\Debug\Project2.exe
C:\Users\tauhl_000\documents\visual studio 2012\Projects\Project2\Debug\Project2.ilk
